[    1943ms] [INFO] %cDownload the React DevTools for a better development experience: https://react.dev/link/react-devtools font-weight:bold @ http://localhost:3000/_next/static/chunks/9b0e8_next_dist_0e1c8e75._.js:2297
[    2019ms] [LOG] [HMR] connected @ http://localhost:3000/_next/static/chunks/9b0e8_next_dist_0e1c8e75._.js:2297
[    2091ms] [WARNING] Image with src "/logo-sin-fondo.png" has either width or height modified, but not the other. If you use CSS to change the size of your image, also include the styles 'width: "auto"' or 'height: "auto"' to maintain the aspect ratio. @ http://localhost:3000/_next/static/chunks/9b0e8_next_dist_0e1c8e75._.js:2297
[  121474ms] [LOG] [Fast Refresh] rebuilding @ http://localhost:3000/_next/static/chunks/9b0e8_next_dist_0e1c8e75._.js:2297
[  123209ms] [LOG] [Fast Refresh] done in 1656ms @ http://localhost:3000/_next/static/chunks/9b0e8_next_dist_0e1c8e75._.js:2297
[  125933ms] [LOG] [Fast Refresh] rebuilding @ http://localhost:3000/_next/static/chunks/9b0e8_next_dist_0e1c8e75._.js:2297
[  126287ms] [LOG] [Fast Refresh] done in 461ms @ http://localhost:3000/_next/static/chunks/9b0e8_next_dist_0e1c8e75._.js:2297
[  126855ms] [INFO] %cDownload the React DevTools for a better development experience: https://react.dev/link/react-devtools font-weight:bold @ http://localhost:3000/_next/static/chunks/9b0e8_next_dist_0e1c8e75._.js:2297
[  127012ms] [LOG] [HMR] connected @ http://localhost:3000/_next/static/chunks/9b0e8_next_dist_0e1c8e75._.js:2297
[  127226ms] [WARNING] Image with src "/logo-sin-fondo.png" has either width or height modified, but not the other. If you use CSS to change the size of your image, also include the styles 'width: "auto"' or 'height: "auto"' to maintain the aspect ratio. @ http://localhost:3000/_next/static/chunks/9b0e8_next_dist_0e1c8e75._.js:2297
[  127227ms] [LOG] [Fast Refresh] rebuilding @ http://localhost:3000/_next/static/chunks/9b0e8_next_dist_0e1c8e75._.js:2297
[  127268ms] [LOG] [Fast Refresh] done in 164ms @ http://localhost:3000/_next/static/chunks/9b0e8_next_dist_0e1c8e75._.js:2297
[  143261ms] [LOG] [Fast Refresh] rebuilding @ http://localhost:3000/_next/static/chunks/9b0e8_next_dist_0e1c8e75._.js:2297
[  143840ms] [LOG] [Fast Refresh] done in 610ms @ http://localhost:3000/_next/static/chunks/9b0e8_next_dist_0e1c8e75._.js:2297
[  144265ms] [LOG] [Fast Refresh] rebuilding @ http://localhost:3000/_next/static/chunks/9b0e8_next_dist_0e1c8e75._.js:2297
[  144683ms] [LOG] [Fast Refresh] done in 362ms @ http://localhost:3000/_next/static/chunks/9b0e8_next_dist_0e1c8e75._.js:2297
[  239213ms] [LOG] [Fast Refresh] rebuilding @ http://localhost:3000/_next/static/chunks/9b0e8_next_dist_0e1c8e75._.js:2297
[  239525ms] [LOG] [Fast Refresh] done in 368ms @ http://localhost:3000/_next/static/chunks/9b0e8_next_dist_0e1c8e75._.js:2297
[  240362ms] [LOG] [Fast Refresh] rebuilding @ http://localhost:3000/_next/static/chunks/9b0e8_next_dist_0e1c8e75._.js:2297
[  240479ms] [LOG] [Fast Refresh] done in 227ms @ http://localhost:3000/_next/static/chunks/9b0e8_next_dist_0e1c8e75._.js:2297
[  315214ms] [LOG] [HMR] connected @ http://localhost:3000/_next/static/chunks/9b0e8_next_dist_0e1c8e75._.js:2297
[69832370ms] [LOG] [Fast Refresh] rebuilding @ http://localhost:3000/_next/static/chunks/9b0e8_next_dist_0e1c8e75._.js:2297
[69832380ms] [LOG] [Fast Refresh] done in 117ms @ http://localhost:3000/_next/static/chunks/9b0e8_next_dist_0e1c8e75._.js:2297
[70767943ms] [LOG] [Fast Refresh] rebuilding @ http://localhost:3000/_next/static/chunks/9b0e8_next_dist_0e1c8e75._.js:2297
[70769927ms] [LOG] [Fast Refresh] done in 2109ms @ http://localhost:3000/_next/static/chunks/9b0e8_next_dist_0e1c8e75._.js:2297
[70770289ms] [LOG] [Fast Refresh] rebuilding @ http://localhost:3000/_next/static/chunks/9b0e8_next_dist_0e1c8e75._.js:2297
[70770310ms] [LOG] [Fast Refresh] done in 123ms @ http://localhost:3000/_next/static/chunks/9b0e8_next_dist_0e1c8e75._.js:2297
[70770413ms] [LOG] [Fast Refresh] rebuilding @ http://localhost:3000/_next/static/chunks/9b0e8_next_dist_0e1c8e75._.js:2297
[70770474ms] [LOG] [Fast Refresh] done in 163ms @ http://localhost:3000/_next/static/chunks/9b0e8_next_dist_0e1c8e75._.js:2297
[70802086ms] [LOG] [Fast Refresh] rebuilding @ http://localhost:3000/_next/static/chunks/9b0e8_next_dist_0e1c8e75._.js:2297
[70802832ms] [LOG] [Fast Refresh] done in 811ms @ http://localhost:3000/_next/static/chunks/9b0e8_next_dist_0e1c8e75._.js:2297
[70884957ms] [LOG] [Fast Refresh] rebuilding @ http://localhost:3000/_next/static/chunks/9b0e8_next_dist_0e1c8e75._.js:2297
[70886089ms] [LOG] [Fast Refresh] done in 1013ms @ http://localhost:3000/_next/static/chunks/9b0e8_next_dist_0e1c8e75._.js:2297
[70929836ms] [LOG] [Fast Refresh] rebuilding @ http://localhost:3000/_next/static/chunks/9b0e8_next_dist_0e1c8e75._.js:2297
[70932065ms] [LOG] [Fast Refresh] done in 1797ms @ http://localhost:3000/_next/static/chunks/9b0e8_next_dist_0e1c8e75._.js:2297
[70953929ms] [LOG] [Fast Refresh] rebuilding @ http://localhost:3000/_next/static/chunks/9b0e8_next_dist_0e1c8e75._.js:2297
[70954087ms] [LOG] [Fast Refresh] done in 263ms @ http://localhost:3000/_next/static/chunks/9b0e8_next_dist_0e1c8e75._.js:2297
[70954653ms] [LOG] [Fast Refresh] rebuilding @ http://localhost:3000/_next/static/chunks/9b0e8_next_dist_0e1c8e75._.js:2297
[70954690ms] [LOG] [Fast Refresh] done in 139ms @ http://localhost:3000/_next/static/chunks/9b0e8_next_dist_0e1c8e75._.js:2297
[71168260ms] [LOG] [Fast Refresh] rebuilding @ http://localhost:3000/_next/static/chunks/9b0e8_next_dist_0e1c8e75._.js:2297
[71170025ms] [LOG] [Fast Refresh] done in 1453ms @ http://localhost:3000/_next/static/chunks/9b0e8_next_dist_0e1c8e75._.js:2297
[71177930ms] [LOG] [Fast Refresh] rebuilding @ http://localhost:3000/_next/static/chunks/9b0e8_next_dist_0e1c8e75._.js:2297
[71178296ms] [LOG] [Fast Refresh] done in 452ms @ http://localhost:3000/_next/static/chunks/9b0e8_next_dist_0e1c8e75._.js:2297
[71214431ms] [LOG] [Fast Refresh] rebuilding @ http://localhost:3000/_next/static/chunks/9b0e8_next_dist_0e1c8e75._.js:2297
[71214708ms] [LOG] [Fast Refresh] done in 383ms @ http://localhost:3000/_next/static/chunks/9b0e8_next_dist_0e1c8e75._.js:2297
[71298962ms] [LOG] [Fast Refresh] rebuilding @ http://localhost:3000/_next/static/chunks/9b0e8_next_dist_0e1c8e75._.js:2297
[71300122ms] [LOG] [Fast Refresh] done in 520ms @ http://localhost:3000/_next/static/chunks/9b0e8_next_dist_0e1c8e75._.js:2297
[71367164ms] [LOG] [Fast Refresh] rebuilding @ http://localhost:3000/_next/static/chunks/9b0e8_next_dist_0e1c8e75._.js:2297
[71368044ms] [LOG] [Fast Refresh] done in 576ms @ http://localhost:3000/_next/static/chunks/9b0e8_next_dist_0e1c8e75._.js:2297
[71375723ms] [LOG] [Fast Refresh] rebuilding @ http://localhost:3000/_next/static/chunks/9b0e8_next_dist_0e1c8e75._.js:2297
[71377359ms] [LOG] [Fast Refresh] done in 1271ms @ http://localhost:3000/_next/static/chunks/9b0e8_next_dist_0e1c8e75._.js:2297
[71681816ms] [LOG] [Fast Refresh] rebuilding @ http://localhost:3000/_next/static/chunks/9b0e8_next_dist_0e1c8e75._.js:2297
[71682439ms] [LOG] [Fast Refresh] done in 522ms @ http://localhost:3000/_next/static/chunks/9b0e8_next_dist_0e1c8e75._.js:2297
[71691012ms] [LOG] [Fast Refresh] rebuilding @ http://localhost:3000/_next/static/chunks/9b0e8_next_dist_0e1c8e75._.js:2297
[71692091ms] [LOG] [Fast Refresh] done in 935ms @ http://localhost:3000/_next/static/chunks/9b0e8_next_dist_0e1c8e75._.js:2297
[71697369ms] [LOG] [Fast Refresh] rebuilding @ http://localhost:3000/_next/static/chunks/9b0e8_next_dist_0e1c8e75._.js:2297
[71697624ms] [LOG] [Fast Refresh] done in 282ms @ http://localhost:3000/_next/static/chunks/9b0e8_next_dist_0e1c8e75._.js:2297
[71741952ms] [LOG] [Fast Refresh] rebuilding @ http://localhost:3000/_next/static/chunks/9b0e8_next_dist_0e1c8e75._.js:2297
[71742147ms] [LOG] [Fast Refresh] done in 303ms @ http://localhost:3000/_next/static/chunks/9b0e8_next_dist_0e1c8e75._.js:2297
[71775003ms] [LOG] [Fast Refresh] rebuilding @ http://localhost:3000/_next/static/chunks/9b0e8_next_dist_0e1c8e75._.js:2297
[71775820ms] [LOG] [Fast Refresh] done in 565ms @ http://localhost:3000/_next/static/chunks/9b0e8_next_dist_0e1c8e75._.js:2297
[71876490ms] [LOG] [Fast Refresh] rebuilding @ http://localhost:3000/_next/static/chunks/9b0e8_next_dist_0e1c8e75._.js:2297
[71876953ms] [LOG] [Fast Refresh] done in 540ms @ http://localhost:3000/_next/static/chunks/9b0e8_next_dist_0e1c8e75._.js:2297
[71901230ms] [LOG] [Fast Refresh] rebuilding @ http://localhost:3000/_next/static/chunks/9b0e8_next_dist_0e1c8e75._.js:2297
[71901377ms] [LOG] [Fast Refresh] done in 255ms @ http://localhost:3000/_next/static/chunks/9b0e8_next_dist_0e1c8e75._.js:2297
[71928077ms] [LOG] [Fast Refresh] rebuilding @ http://localhost:3000/_next/static/chunks/9b0e8_next_dist_0e1c8e75._.js:2297
[71928639ms] [LOG] [Fast Refresh] done in 388ms @ http://localhost:3000/_next/static/chunks/9b0e8_next_dist_0e1c8e75._.js:2297
[71948314ms] [LOG] [Fast Refresh] rebuilding @ http://localhost:3000/_next/static/chunks/9b0e8_next_dist_0e1c8e75._.js:2297
[71950108ms] [LOG] [Fast Refresh] done in 1308ms @ http://localhost:3000/_next/static/chunks/9b0e8_next_dist_0e1c8e75._.js:2297
[71958951ms] [LOG] [Fast Refresh] rebuilding @ http://localhost:3000/_next/static/chunks/9b0e8_next_dist_0e1c8e75._.js:2297
[71959268ms] [LOG] [Fast Refresh] done in 285ms @ http://localhost:3000/_next/static/chunks/9b0e8_next_dist_0e1c8e75._.js:2297
[71965136ms] [LOG] [Fast Refresh] rebuilding @ http://localhost:3000/_next/static/chunks/9b0e8_next_dist_0e1c8e75._.js:2297
[71965545ms] [LOG] [Fast Refresh] done in 383ms @ http://localhost:3000/_next/static/chunks/9b0e8_next_dist_0e1c8e75._.js:2297
[71978595ms] [LOG] [Fast Refresh] rebuilding @ http://localhost:3000/_next/static/chunks/9b0e8_next_dist_0e1c8e75._.js:2297
[71979090ms] [LOG] [Fast Refresh] done in 456ms @ http://localhost:3000/_next/static/chunks/9b0e8_next_dist_0e1c8e75._.js:2297
[72104766ms] [LOG] [Fast Refresh] rebuilding @ http://localhost:3000/_next/static/chunks/9b0e8_next_dist_0e1c8e75._.js:2297
[72105823ms] [LOG] [Fast Refresh] done in 435ms @ http://localhost:3000/_next/static/chunks/9b0e8_next_dist_0e1c8e75._.js:2297
[72116525ms] [LOG] [Fast Refresh] rebuilding @ http://localhost:3000/_next/static/chunks/9b0e8_next_dist_0e1c8e75._.js:2297
[72116924ms] [LOG] [Fast Refresh] done in 316ms @ http://localhost:3000/_next/static/chunks/9b0e8_next_dist_0e1c8e75._.js:2297
[72150696ms] [LOG] [Fast Refresh] rebuilding @ http://localhost:3000/_next/static/chunks/9b0e8_next_dist_0e1c8e75._.js:2297
[72150872ms] [LOG] [Fast Refresh] done in 286ms @ http://localhost:3000/_next/static/chunks/9b0e8_next_dist_0e1c8e75._.js:2297
[72206405ms] [LOG] [Fast Refresh] rebuilding @ http://localhost:3000/_next/static/chunks/9b0e8_next_dist_0e1c8e75._.js:2297
[72207014ms] [LOG] [Fast Refresh] done in 426ms @ http://localhost:3000/_next/static/chunks/9b0e8_next_dist_0e1c8e75._.js:2297
[72355603ms] [LOG] [Fast Refresh] rebuilding @ http://localhost:3000/_next/static/chunks/9b0e8_next_dist_0e1c8e75._.js:2297
[72356984ms] [LOG] [Fast Refresh] done in 1494ms @ http://localhost:3000/_next/static/chunks/9b0e8_next_dist_0e1c8e75._.js:2297
[72360684ms] [LOG] [Fast Refresh] rebuilding @ http://localhost:3000/_next/static/chunks/9b0e8_next_dist_0e1c8e75._.js:2297
[72360686ms] [LOG] [Fast Refresh] done in 104ms @ http://localhost:3000/_next/static/chunks/9b0e8_next_dist_0e1c8e75._.js:2297
[72361051ms] [LOG] [Fast Refresh] rebuilding @ http://localhost:3000/_next/static/chunks/9b0e8_next_dist_0e1c8e75._.js:2297
[72361052ms] [LOG] [Fast Refresh] done in 102ms @ http://localhost:3000/_next/static/chunks/9b0e8_next_dist_0e1c8e75._.js:2297
[72362315ms] [LOG] [Fast Refresh] rebuilding @ http://localhost:3000/_next/static/chunks/9b0e8_next_dist_0e1c8e75._.js:2297
[72362579ms] [LOG] [Fast Refresh] done in 324ms @ http://localhost:3000/_next/static/chunks/9b0e8_next_dist_0e1c8e75._.js:2297
[72397982ms] [LOG] [Fast Refresh] rebuilding @ http://localhost:3000/_next/static/chunks/9b0e8_next_dist_0e1c8e75._.js:2297
[72402251ms] [ERROR] WebSocket connection to 'ws://localhost:3000/_next/webpack-hmr?id=TKXp7BH_NMOu5vT8PeeV1' failed: Error in connection establishment: net::ERR_CONNECTION_REFUSED @ http://localhost:3000/_next/static/chunks/9b0e8_next_dist_client_9125f241._.js:10878
[72403256ms] [ERROR] WebSocket connection to 'ws://localhost:3000/_next/webpack-hmr?id=TKXp7BH_NMOu5vT8PeeV1' failed: Error in connection establishment: net::ERR_CONNECTION_REFUSED @ http://localhost:3000/_next/static/chunks/9b0e8_next_dist_client_9125f241._.js:10878
[72404259ms] [ERROR] WebSocket connection to 'ws://localhost:3000/_next/webpack-hmr?id=TKXp7BH_NMOu5vT8PeeV1' failed: Error in connection establishment: net::ERR_CONNECTION_REFUSED @ http://localhost:3000/_next/static/chunks/9b0e8_next_dist_client_9125f241._.js:10878
[72405261ms] [ERROR] WebSocket connection to 'ws://localhost:3000/_next/webpack-hmr?id=TKXp7BH_NMOu5vT8PeeV1' failed: Error in connection establishment: net::ERR_CONNECTION_REFUSED @ http://localhost:3000/_next/static/chunks/9b0e8_next_dist_client_9125f241._.js:10878
[72406270ms] [ERROR] WebSocket connection to 'ws://localhost:3000/_next/webpack-hmr?id=TKXp7BH_NMOu5vT8PeeV1' failed: Error in connection establishment: net::ERR_CONNECTION_REFUSED @ http://localhost:3000/_next/static/chunks/9b0e8_next_dist_client_9125f241._.js:10878
[72411486ms] [ERROR] WebSocket connection to 'ws://localhost:3000/_next/webpack-hmr?id=TKXp7BH_NMOu5vT8PeeV1' failed: Error in connection establishment: net::ERR_CONNECTION_REFUSED @ http://localhost:3000/_next/static/chunks/9b0e8_next_dist_client_9125f241._.js:10878
[72416495ms] [ERROR] WebSocket connection to 'ws://localhost:3000/_next/webpack-hmr?id=TKXp7BH_NMOu5vT8PeeV1' failed: Error in connection establishment: net::ERR_CONNECTION_REFUSED @ http://localhost:3000/_next/static/chunks/9b0e8_next_dist_client_9125f241._.js:10878
[72421526ms] [ERROR] WebSocket connection to 'ws://localhost:3000/_next/webpack-hmr?id=TKXp7BH_NMOu5vT8PeeV1' failed: Error in connection establishment: net::ERR_CONNECTION_REFUSED @ http://localhost:3000/_next/static/chunks/9b0e8_next_dist_client_9125f241._.js:10878
[72426543ms] [ERROR] WebSocket connection to 'ws://localhost:3000/_next/webpack-hmr?id=TKXp7BH_NMOu5vT8PeeV1' failed: Error in connection establishment: net::ERR_CONNECTION_REFUSED @ http://localhost:3000/_next/static/chunks/9b0e8_next_dist_client_9125f241._.js:10878
[72431602ms] [ERROR] WebSocket connection to 'ws://localhost:3000/_next/webpack-hmr?id=TKXp7BH_NMOu5vT8PeeV1' failed: Error in connection establishment: net::ERR_CONNECTION_REFUSED @ http://localhost:3000/_next/static/chunks/9b0e8_next_dist_client_9125f241._.js:10878
[72436652ms] [ERROR] WebSocket connection to 'ws://localhost:3000/_next/webpack-hmr?id=TKXp7BH_NMOu5vT8PeeV1' failed: Error in connection establishment: net::ERR_CONNECTION_REFUSED @ http://localhost:3000/_next/static/chunks/9b0e8_next_dist_client_9125f241._.js:10878
[72441787ms] [ERROR] WebSocket connection to 'ws://localhost:3000/_next/webpack-hmr?id=TKXp7BH_NMOu5vT8PeeV1' failed: Error in connection establishment: net::ERR_CONNECTION_REFUSED @ http://localhost:3000/_next/static/chunks/9b0e8_next_dist_client_9125f241._.js:10878
